生成启动时间为 2018/7/14 21:41:49。
     1>项目“E:\比特作业\C++\答疑\答疑\答疑.vcxproj”在节点 2 上(Build 个目标)。
     1>ClCompile:
         E:\比特人\VC\bin\x86_amd64\CL.exe /c /Zi /nologo /W3 /WX- /sdl /Od /D _UNICODE /D UNICODE /Gm /EHsc /RTC1 /MDd /GS /fp:precise /Zc:wchar_t /Zc:forScope /Fo"x64\Debug\\" /Fd"x64\Debug\vc120.pdb" /Gd /TP /errorReport:prompt test.cpp
         test.cpp
       Link:
         E:\比特人\VC\bin\x86_amd64\link.exe /ERRORREPORT:PROMPT /OUT:"E:\比特作业\C++\答疑\x64\Debug\答疑.exe" /INCREMENTAL /NOLOGO kernel32.lib user32.lib gdi32.lib winspool.lib comdlg32.lib advapi32.lib shell32.lib ole32.lib oleaut32.lib uuid.lib odbc32.lib odbccp32.lib /MANIFEST /MANIFESTUAC:"level='asInvoker' uiAccess='false'" /manifest:embed /DEBUG /PDB:"E:\比特作业\C++\答疑\x64\Debug\答疑.pdb" /TLBID:1 /DYNAMICBASE /NXCOMPAT /IMPLIB:"E:\比特作业\C++\答疑\x64\Debug\答疑.lib" /MACHINE:X64 x64\Debug\test.obj
     1>test.obj : error LNK2019: 无法解析的外部符号 "class std::basic_ostream<char,struct std::char_traits<char> > & __cdecl operator<<(class std::basic_ostream<char,struct std::char_traits<char> > &,class point<char *,char *> &)" (??6@YAAEAV?$basic_ostream@DU?$char_traits@D@std@@@std@@AEAV01@AEAV?$point@PEADPEAD@@@Z)，该符号在函数 main 中被引用
     1>E:\比特作业\C++\答疑\x64\Debug\答疑.exe : fatal error LNK1120: 1 个无法解析的外部命令
     1>已完成生成项目“E:\比特作业\C++\答疑\答疑\答疑.vcxproj”(Build 个目标)的操作 - 失败。

生成失败。

已用时间 00:00:02.56
